<?xml version="1.0" encoding="UTF-8"?>
<testsuite xmlns:xsi="http://www.w3.org/2001/XMLSchema-instance" xsi:noNamespaceSchemaLocation="https://maven.apache.org/surefire/maven-surefire-plugin/xsd/surefire-test-report-3.0.xsd" version="3.0" name="com.example.cardapio.CardapioApplicationTests" time="6.443" tests="1" errors="0" skipped="0" failures="0">
  <properties>
[...]
</properties>
  <testcase name="contextLoads" classname="com.example.cardapio.CardapioApplicationTests" time="0.681">
    <system-out><![CDATA[20:04:04.824 [main] INFO org.springframework.test.context.support.AnnotationConfigContextLoaderUtils -- Could not detect default configuration classes for test class [com.example.cardapio.CardapioApplicationTests]: CardapioApplicationTests does not declare any static, non-private, non-final, nested classes annotated with @Configuration.
20:04:04.946 [main] INFO org.springframework.boot.test.context.SpringBootTestContextBootstrapper -- Found @SpringBootConfiguration com.example.cardapio.CardapioApplication for test class com.example.cardapio.CardapioApplicationTests
20:04:05.150 [main] INFO org.springframework.boot.devtools.restart.RestartApplicationListener -- Restart disabled due to context in which it is running

  .   ____          _            __ _ _
 /\\ / ___'_ __ _ _(_)_ __  __ _ \ \ \ \
( ( )\___ | '_ | '_| | '_ \/ _` | \ \ \ \
 \\/  ___)| |_)| | | | | || (_| |  ) ) ) )
  '  |____| .__|_| |_|_| |_\__, | / / / /
 =========|_|==============|___/=/_/_/_/
 :: Spring Boot ::                (v3.1.5)

2023-12-07T20:04:05.420-03:00  INFO 2808 --- [           main] c.e.cardapio.CardapioApplicationTests    : Starting CardapioApplicationTests using Java 21.0.1 with PID 2808 (started by thiago in /Users/thiago/Documents/cardapio-digital-api)
2023-12-07T20:04:05.421-03:00  INFO 2808 --- [           main] c.e.cardapio.CardapioApplicationTests    : No active profile set, falling back to 1 default profile: "default"
2023-12-07T20:04:06.292-03:00  INFO 2808 --- [           main] .s.d.r.c.RepositoryConfigurationDelegate : Bootstrapping Spring Data JPA repositories in DEFAULT mode.
2023-12-07T20:04:06.368-03:00  INFO 2808 --- [           main] .s.d.r.c.RepositoryConfigurationDelegate : Finished Spring Data repository scanning in 65 ms. Found 4 JPA repository interfaces.
2023-12-07T20:04:06.955-03:00  INFO 2808 --- [           main] o.hibernate.jpa.internal.util.LogHelper  : HHH000204: Processing PersistenceUnitInfo [name: default]
2023-12-07T20:04:07.032-03:00  INFO 2808 --- [           main] org.hibernate.Version                    : HHH000412: Hibernate ORM core version 6.2.13.Final
2023-12-07T20:04:07.036-03:00  INFO 2808 --- [           main] org.hibernate.cfg.Environment            : HHH000406: Using bytecode reflection optimizer
2023-12-07T20:04:07.439-03:00  INFO 2808 --- [           main] o.s.o.j.p.SpringPersistenceUnitInfo      : No LoadTimeWeaver setup: ignoring JPA class transformer
2023-12-07T20:04:07.472-03:00  INFO 2808 --- [           main] com.zaxxer.hikari.HikariDataSource       : HikariPool-1 - Starting...
2023-12-07T20:04:07.797-03:00  INFO 2808 --- [           main] com.zaxxer.hikari.pool.HikariPool        : HikariPool-1 - Added connection org.postgresql.jdbc.PgConnection@2b44605c
2023-12-07T20:04:07.799-03:00  INFO 2808 --- [           main] com.zaxxer.hikari.HikariDataSource       : HikariPool-1 - Start completed.
2023-12-07T20:04:07.836-03:00  WARN 2808 --- [           main] org.hibernate.orm.deprecation            : HHH90000025: PostgreSQLDialect does not need to be specified explicitly using 'hibernate.dialect' (remove the property setting and it will be selected by default)
2023-12-07T20:04:09.034-03:00  INFO 2808 --- [           main] o.h.e.t.j.p.i.JtaPlatformInitiator       : HHH000489: No JTA platform available (set 'hibernate.transaction.jta.platform' to enable JTA platform integration)
2023-12-07T20:04:09.149-03:00  INFO 2808 --- [           main] j.LocalContainerEntityManagerFactoryBean : Initialized JPA EntityManagerFactory for persistence unit 'default'
2023-12-07T20:04:09.734-03:00  WARN 2808 --- [           main] JpaBaseConfiguration$JpaWebConfiguration : spring.jpa.open-in-view is enabled by default. Therefore, database queries may be performed during view rendering. Explicitly configure spring.jpa.open-in-view to disable this warning
2023-12-07T20:04:09.868-03:00  INFO 2808 --- [           main] o.s.s.web.DefaultSecurityFilterChain     : Will secure any request with [org.springframework.security.web.session.DisableEncodeUrlFilter@1932ad2c, org.springframework.security.web.context.request.async.WebAsyncManagerIntegrationFilter@4adc3951, org.springframework.security.web.context.SecurityContextHolderFilter@1fa24e7, org.springframework.security.web.header.HeaderWriterFilter@694c0ed1, org.springframework.security.web.authentication.logout.LogoutFilter@7b9d602c, com.example.cardapio.infra.secutiry.SecurityFilter@3c2f310c, org.springframework.security.web.savedrequest.RequestCacheAwareFilter@1a99692, org.springframework.security.web.servletapi.SecurityContextHolderAwareRequestFilter@739be7ec, org.springframework.security.web.authentication.AnonymousAuthenticationFilter@52b49891, org.springframework.security.web.session.SessionManagementFilter@4c438f66, org.springframework.security.web.access.ExceptionTranslationFilter@7fb46c10, org.springframework.security.web.access.intercept.AuthorizationFilter@22a22f1]
2023-12-07T20:04:10.356-03:00  INFO 2808 --- [           main] c.e.cardapio.CardapioApplicationTests    : Started CardapioApplicationTests in 5.221 seconds (process running for 6.6)
]]></system-out>
    <system-err><![CDATA[WARNING: A Java agent has been loaded dynamically (/Users/thiago/.m2/repository/net/bytebuddy/byte-buddy-agent/1.14.9/byte-buddy-agent-1.14.9.jar)
WARNING: If a serviceability tool is in use, please run with -XX:+EnableDynamicAgentLoading to hide this warning
WARNING: If a serviceability tool is not in use, please run with -Djdk.instrument.traceUsage for more information
WARNING: Dynamic loading of agents will be disallowed by default in a future release
]]></system-err>
  </testcase>
</testsuite>